801053377
721521695
762349602
687166680
577038901
697081787
678993011
623837643
673103209
575331113
582664621
635166194
645969301
666352950
646763157
682697012
664151179
655753768
616782116
545374046
678983462
599678935
593049102
574337836
575222259
585244949
543300169
648543208
636120779
567731390
607945508
659971828
626228802
612319625
577887618
559576691
568889271
569571559
595676550
501986092
504952746
596737390
658943980
583379787
642473616
642832043
599570340
609441909
581091685
615609601
594740538
590309915
530475377
577666647
562586750
590728281
631940557
625825802
648971837
604471171
644433316
554045986
573633575
590211377
560949677
560360611
580841475
600449636
632781357
632589441
579091607
608836237
619691059
586751940
597141652
606368748
563845348
570907707
608637154
703409220
629032461
588961548
604490548
569569519
597204157
580280663
622902098
709653734
689037904
650054295
636502529
612262500
691372900
611345800
598933504
617014197
635449400
667934863
642349628
630924876
580662863
587070250
596780761
597908051
661746139
524019286
629119469
595979099
569444897
577047343
611701849
622487003
587741875
575946713
583217498
586750805
600569329
642537933
655051357
657021037
678891624
672194356
622170110
568353184
579180559
568613841
597613345
660830431
605723313
639275529
603491943
626246353
637240900
619730995
651283177
663992026
619023881
609254751
714847870
724796898
569941979
633333572
676684933
671567869
623833071
586648003
686489723
615360449
665160445
669504977
615716721
635799711
591415249
647599723
588962809
594412609
684288329
610031011
597247144
648479502
630869065
603364446
681470819
623225721
593210003
710453849
632250064
617477875
581643584
611634669
600393958
624471961
635205833
692657784
648692597
676360909
622859233
666769839
702840529
711099611
733566475
653313634
759369903
798561922
653488017
722809144
724224384
712604718
634176745
660073728
612476349
561840614
577275956
559902723
643752318
585291460
568478051
608632820
604320573
655851400
651813032
604871901
626934752
595230960
578742461
596623335
697881008
651384063
570722155
588817251
590278516
598854263
684077834
678619022
682112173
643505591
671344366
674310244
572892314
684238217
709714955
686049766
605467648
616221336
550518236
642191995
601983643
754791283
642015353
564994354
649712702
745379219
580636327
581805300
583076707
552182772
582653886
558230592
604837924
637286529
602138747
618713821
678589569
663037994
640846716
722742196
684994133
633561948
707623607
660532553
676359978
775603590
760182109
731370330
682579800
659631492
661357236
697691398
676108352
728474799
647960964
626966600
662103055
626831687
635429284
748637733
722737461
671912323
639414871
592796028
580200730
636316075
666133332
636489011
667164508
692730646
689345516
647990621
598385897
630498745
705983825
667721482
640989042
530473108
689854419
649448924
681470522
786993471
794158256
671731702
651621907
650200427
689670679
724541416
570175187
678077497
730947488
747574694
694530936
