803461477
762509604
791746171
798955475
784364260
759096955
767721368
832150165
866487594
844040697
803769791
803348595
809691539
763571113
728505420
682161471
674608975
668083040
633102663
648374342
682131856
703696630
735347309
766063701
815232137
812561701
808496161
794461861
769334964
736169700
714134686
728139616
671570099
660938461
691996104
780654463
763713188
676990358
604665760
578864070
539269209
501356029
499981087
503733833
530700590
556873340
612997077
646734638
688104481
690638725
702472061
719277237
745184884
730030657
687492944
690702386
705830072
666972233
665266996
657588399
640226269
619492932
664959027
730517158
725447827
715243264
666132238
612946052
696054214
718911128
699190048
709644561
674267580
628660711
596516298
586418063
593550793
564690663
554003994
631433718
686721081
704076626
726291412
778837718
726600101
655494502
629401982
605539395
616508972
601560299
566386961
597368525
625168889
608034933
582509250
557477240
541759850
504746049
547977158
621882277
621220976
597126911
566420703
560542991
531681400
552948081
572125319
589881506
610213246
624485081
637958531
635090042
615381628
614470267
636637524
683117815
660059492
625137193
611394364
632415079
656248170
683874058
662498754
647418733
641613246
628963513
621415907
654694592
632232302
630733737
623451984
664065513
665275489
671991050
665018837
678404195
666072568
660311638
687090160
681848070
657316980
614341258
622389523
665319908
664305346
646134752
628346129
638082175
639473769
691921725
715628416
703924595
711091032
685321525
678213705
722732357
690021174
693558387
644750964
581727960
575786658
599033051
634404662
665927355
699811144
715985203
701093615
709408955
683099721
656961426
622878216
621933717
704715405
727074968
675017294
637819235
629495298
645208379
658972890
634422274
626448379
678221952
685402460
676163045
639893980
585639845
573558787
584306324
558675314
559511075
547845935
577349261
566208611
520195802
477557490
482121072
502975317
580498278
600278653
598710041
627871886
664794339
672679816
683168473
687675194
720943939
734690548
736750155
646435861
614824405
633248916
639025811
632038199
628198149
569544482
551468298
560925834
605465575
589153334
587720751
558490957
540968842
573352220
590619258
611164018
571714652
608110491
648257559
610731653
617081374
617885529
659592475
607980814
545763196
530623510
540609101
539915191
536426687
572877032
591704830
565128690
572476669
578310357
549993380
561086052
556047120
534449602
573692785
629239168
631798763
602740319
587907356
574255618
578544155
589576673
627221111
613335666
602402710
536646583
539819302
515516555
530226947
542411254
576773057
572823976
526285853
519422970
538768239
550974515
559798322
608644308
601727037
555227897
607373987
698427863
705431206
680523878
673554044
667999409
686522453
708103072
680226716
668635257
641653256
632772448
615224688
602390899
612292538
616078468
583830443
565320991
546359396
548794564
554297360
575289692
582924848
615603076
596568552
562133972
