813855897
814494409
815322332
816133850
816917698
817478626
818075745
818590266
819319637
819993685
819860021
819608837
818767991
818123036
817575006
817163602
816827488
816860534
816951468
817211248
817414389
817625150
817941925
817906647
817663552
817476476
817337569
817209079
817127202
816619046
816251057
815969247
815483059
815153599
814800466
814347551
813908751
813414395
812858714
812298054
811705733
811067577
810567303
810133016
809616009
809033990
808463652
807795384
807103126
806577440
805959000
805464405
804962634
804223921
803387697
802464017
801580227
800648498
799892044
799234964
798671537
797921917
797251970
796372822
795646701
794792994
793950255
793252610
792612711
791911467
791049143
790497890
790196412
789934247
789573397
789270376
788930960
788556968
788328131
788214353
788094413
787951351
787692570
787543073
787512182
787242222
786941341
786555693
786246582
785920794
785600626
785337481
785050824
784843466
784489165
784249485
783861424
783146956
782244854
780868403
779685998
778140378
776542346
774899056
773365718
771903039
770328591
768804776
767277739
765754506
764591140
763374741
762072428
760890662
759748633
758810634
757949007
757174782
756525071
756597390
756580394
756417640
756257160
756050052
755858437
755056061
754460691
754055780
753773397
753131466
752626868
752452201
752567496
753129423
753980904
754829102
755619545
756425824
757223224
757939207
758698192
759404225
760020807
760670552
761356264
761743624
761979001
762023542
762081933
762205444
762337662
762337203
762350725
762352576
762454578
762645810
762728064
762915639
763032051
763058560
763189771
763446943
763654364
763906526
764044154
763873593
764039284
764120401
764292562
764330848
764380848
764350823
764346022
764370055
764353578
764186573
763927779
763748185
763938862
764139847
764233144
764063835
764032919
764004431
764016986
764101406
764357762
764676095
765010424
765340033
765643047
765977710
766303916
766524119
766680069
766708433
766885854
767238380
767527723
767725221
767935509
768323068
768664091
769021849
769445479
769933299
770600174
771283316
772002027
772635034
773239907
774040920
774543146
775084358
775547625
776119371
776692777
777195312
777873522
778469961
779247733
780169734
781170174
781877125
782336211
782947282
783719966
784527332
785187194
785797105
786518772
787262675
788312875
789431776
790565497
791885918
793043553
794078595
795051850
796133518
797143891
798113263
799055186
800070480
800919356
801699199
802489631
803175856
803706241
804160706
804517221
804803043
804847053
804942251
804948646
805113043
805202280
805322796
804748911
804195435
803446862
802664622
801986640
801145984
800612629
799999123
799554285
799505646
799654731
799673455
799642565
799369609
798707594
797477532
796801547
796339419
796089096
796043953
796021097
796169084
796265061
796471379
796541026
796509347
796178613
796030317
795997179
795958116
795983161
796108740
796464496
796771200
797285233
797634861
797698232
797751791
797703497
797572481
797755143
