679747702
634167434
600221209
588005355
603503310
595771688
593029645
604468067
624118693
634409020
591977816
612302540
619284629
646990879
639852502
621395281
628560010
658135225
705218867
597782226
616302092
648023254
637394857
607580196
661278128
704935908
657479001
644525508
681882475
683219878
651525416
670700202
667906319
652576724
670817933
668968114
639594258
658453787
630414790
634072364
645601127
629207124
677496939
673403103
622515531
675443930
669406253
619611078
654183074
713726878
655850808
642010255
626273979
634469077
630070490
623193905
655930302
628166615
642883017
687020956
643017516
664579064
655455770
632620151
637221996
649821559
687815094
649980247
614425583
623402884
635036460
631464701
706504839
660952595
668276260
691509299
700305066
686402713
739559373
691430889
671791779
673907142
658732356
629411839
623231244
638545338
676005640
721406729
616922970
617066147
573676603
635749938
632500475
615326595
667185677
656440422
624304054
601467945
671597776
685400772
639902024
654268838
697066181
666666680
690727743
665323193
637739188
628380603
627605096
594368258
622539130
658452546
648701411
641572280
617341852
603787711
666483570
682902997
642715987
683018257
648202662
654172025
622745441
673278024
693739177
640980474
596974438
626104989
659907965
646929795
647307909
653705425
670145580
716428281
657109494
635937510
668279467
634175865
658088700
704617944
712990811
654168169
628539884
633904162
650752694
645661624
663152238
640996537
686365527
596516060
598977003
617354481
640368682
625617360
653433440
624449501
661048424
651695620
640866275
646695681
614749870
615144394
636639971
640154908
675946497
595650146
639824409
670790673
687287051
633918745
675741823
649982314
663386777
655526163
653178421
669614922
620305976
675000053
630847208
647852589
653807403
627792268
690170174
608091930
605422824
665047684
633350243
652259283
640418399
667836123
645576857
687762299
632771816
620871900
632766681
658863129
653401378
661356273
602618599
593927471
651532742
654457946
614967167
645400441
667178392
602140459
615638486
622176963
646525769
630704448
629104920
558854542
599876081
626275493
633496523
723559318
679624425
686983430
676882228
625425784
704202092
695489508
636148599
658477832
654973754
661127252
675149195
658912766
666837452
617015018
658965333
675246615
655623018
644942462
681402588
691700747
666625757
660498204
681998699
626562455
661239660
604602565
636665318
582776844
633601521
640189980
652434557
632425617
604391959
606810458
629981935
586519552
607739094
668099217
659092936
672085977
632542918
647879554
597354087
603578487
623581413
589749366
634654168
659800896
652286426
677762600
677045605
669081367
634478965
674374213
607740641
603589090
633721185
642976873
640469705
634321801
624420320
633921406
667822090
645465986
636147590
613690234
639744171
615664920
639570509
670495448
613953294
648484092
708493862
676469301
659778199
639595797
679208704
664077658
680843540
678821740
634174055
618321853
643633674
