817018214
817894923
817432103
814448489
809206323
802781740
795238498
789455187
787170022
783969268
772670214
759773448
755164107
754679379
761018358
762621286
763889844
764174257
764383703
766721447
769984384
775880689
782697985
791228502
801053380
804864067
800824397
797266149
796204293
797457859
798285787
798423400
798802438
801640771
806282039
805881569
801349655
798060226
792959931
787868933
785738720
784381989
781539262
781189693
783798943
785452169
785115867
786424685
786360711
783640558
783027589
783711307
781823434
774107118
765277167
757475319
749305787
738733290
730785147
726723397
726344237
729336427
734056791
742734680
754538792
769042890
786321500
801448955
812219573
821169836
825543340
829051144
831085084
831295315
832877617
835521781
832501092
831594146
833489738
838542397
844050776
851395499
859182257
868304870
874628008
875252323
873760683
873107034
873155030
872039458
871142205
870061706
865300050
860892252
855103195
844245267
831864327
821196874
812729513
807871585
804961672
805240410
805694091
805244857
806355069
806830109
804504414
801946221
800001501
796919570
795157390
793713817
794753583
800815114
805362364
806454678
808405531
809590725
810079869
809152882
815388328
823156737
825858403
823723096
820042947
810021151
801579647
797286962
791152584
788705535
785918141
786168183
786375268
780845421
770647585
760533753
749605471
741459839
737806008
736351461
734572602
732044978
733380888
735360747
735234366
730722143
726271960
723106026
719141806
715218684
710436195
706290553
702339697
694633091
684845328
677008837
670873141
662331475
655913765
656942633
661873772
666788754
669959004
668282927
667788414
671337852
677564945
682779691
688912639
690801757
687818923
685909611
684180014
682468947
675861860
666744794
657981962
650341727
647567121
641955443
636154036
632077801
627719104
624080876
624108467
626924671
630936123
637697274
643387656
647940625
648322614
645976001
645851532
644276406
641115094
640715536
644103597
650761273
658217659
664403705
672956080
680465730
684367453
683024388
680718831
679319507
682921117
686694373
686300899
684550178
684620007
689367023
694470554
697408843
698094543
702269984
709650472
715692118
721264567
724128192
726907004
728084465
727804610
728008969
730214516
737186709
743144756
745272932
744066184
742782947
742707220
745315762
747576364
750246789
754510263
762619888
773971874
784834718
794491233
804362904
809328935
809599125
810409327
810987977
811933708
810518191
813785731
821788041
826925053
827045283
826086056
821986651
820426144
816781807
809382622
804934935
804046810
805288468
807648284
809035234
808966987
807427240
808888770
807658416
806920645
810992127
814408023
812058298
805638079
802003027
801792659
802548484
804170727
801646927
795686743
792003140
790084330
788957089
785603259
782125251
781831182
781243610
775673320
767912686
764107960
763166012
766101561
766572608
763814023
762926676
758356479
753510920
746939999
739133442
731308804
728298156
726800460
726644481
726028554
