615744212
632149998
654262130
654502991
658059504
642586940
645833986
681144220
652702118
636365026
650204780
646751574
646303499
664579618
651304771
636050647
641010666
654143625
644419633
638991640
635072281
644008274
662833347
664356588
625513848
630487376
649281502
633444910
646271342
657351487
637389359
663759275
633750984
638855596
655273505
674539087
666360177
666026102
646957463
652431301
650987442
654655934
649499157
657131808
625663722
663233911
648441831
657579687
664690654
654626028
677854383
662672399
669680432
662973026
686844236
665861799
658561522
669807668
653037326
677722796
653218180
666163050
637916983
653749802
657012324
627699462
631397870
678008455
622428787
648846876
639004235
666892227
653267420
683536552
656946760
652422115
627849604
655654666
634293798
643988968
644121465
643961514
661985009
679770051
638583377
666690533
650666658
666465023
665316479
656986161
673400631
644838676
639027567
675938616
644183045
657725516
653098722
675982577
621279560
646396605
644042734
669885526
665240293
664873710
642738023
664162433
650810083
633002241
674242920
670314469
666629389
648968714
654199675
677245333
661037100
648048695
672100400
654700361
657124457
669202202
636490644
679492208
668302354
631128070
627136801
663485028
628001079
646963718
641969818
651524700
635756071
648770663
647202840
656062286
655298570
666384088
660710464
647936021
662529309
648678976
673765929
671391887
627375283
659517536
657896057
662870173
636950905
672086351
628934358
627588261
656299625
649895426
667673085
655307650
667971206
641656313
657818848
659144175
627721808
630304984
646115185
656804888
635071064
640372655
646569199
657207257
649524466
642915512
646048227
664801199
639245817
655155448
663314440
646774383
624240194
666441895
669346097
660211366
647170290
650580073
654103438
657139711
647190210
670083445
642162018
654180070
646704562
639129222
678960608
637267233
650337082
651706228
644564027
658156166
685798470
643497560
659684026
658619737
658271264
653520403
663263151
655216271
642509559
656385939
647724122
638236588
629419339
648071747
646225904
654725928
641031278
656313464
662940131
626461708
658941536
671631492
651605876
650229463
661167682
656729309
645809378
627429298
657626795
646462772
651387497
641397344
665818196
666805577
647759128
658120704
666196928
664662080
646685702
669317392
644174249
665796004
629782306
655658344
652231693
644947674
616903199
674018176
663181398
641701909
644730878
654487643
658182268
644247727
654095559
629398947
643656247
634730002
662683118
628540689
649522681
666110137
638642383
658393726
651074762
641049293
665018507
631210283
623968756
649139645
662465146
648172462
627965483
649043103
660272895
625073921
637904730
657150385
673246452
660441411
643427889
652149608
665444332
654586704
646623678
657232690
657382387
641571545
660888300
651472879
648300249
651761275
641591448
658074298
673293771
645906533
672119132
669583064
648177452
636969318
658645072
645373780
626275726
676102763
678465452
